0 info it worked if it ends with ok
1 verbose cli [ '/usr/local/bin/node',
1 verbose cli   '/usr/local/bin/npm',
1 verbose cli   'install',
1 verbose cli   '-g',
1 verbose cli   'tsun' ]
2 info using npm@2.5.1
3 info using node@v0.12.0
4 silly cache add args [ 'tsun', null ]
5 verbose cache add spec tsun
6 silly cache add parsed spec { raw: 'tsun',
6 silly cache add   scope: null,
6 silly cache add   name: 'tsun',
6 silly cache add   rawSpec: '',
6 silly cache add   spec: '*',
6 silly cache add   type: 'range' }
7 verbose addNamed tsun@*
8 silly addNamed semver.valid null
9 silly addNamed semver.validRange *
10 silly addNameRange { name: 'tsun', range: '*', hasData: false }
11 silly mapToRegistry name tsun
12 silly mapToRegistry using default registry
13 silly mapToRegistry registry https://registry.npmjs.org/
14 silly mapToRegistry uri https://registry.npmjs.org/tsun
15 verbose addNameRange registry:https://registry.npmjs.org/tsun not in flight; fetching
16 verbose request uri https://registry.npmjs.org/tsun
17 verbose request no auth needed
18 info attempt registry request try #1 at 3:57:17 PM
19 verbose request id 9721ccc08449492c
20 verbose etag "D1SUF4YCHALQ9EEIFDSONR5CI"
21 http request GET https://registry.npmjs.org/tsun
22 http 304 https://registry.npmjs.org/tsun
23 silly get cb [ 304,
23 silly get   { date: 'Sun, 19 Jun 2016 09:57:17 GMT',
23 silly get     via: '1.1 varnish',
23 silly get     'cache-control': 'max-age=300',
23 silly get     etag: '"D1SUF4YCHALQ9EEIFDSONR5CI"',
23 silly get     age: '58',
23 silly get     connection: 'keep-alive',
23 silly get     'x-served-by': 'cache-sin6926-SIN',
23 silly get     'x-cache': 'HIT',
23 silly get     'x-cache-hits': '1',
23 silly get     'x-timer': 'S1466330237.269544,VS0,VE0',
23 silly get     vary: 'Accept-Encoding' } ]
24 verbose etag https://registry.npmjs.org/tsun from cache
25 verbose get saving tsun to /home/sumon/.npm/registry.npmjs.org/tsun/.cache.json
26 silly addNameRange number 2 { name: 'tsun', range: '*', hasData: true }
27 silly addNameRange versions [ 'tsun',
27 silly addNameRange   [ '0.0.1',
27 silly addNameRange     '0.0.2',
27 silly addNameRange     '0.0.3',
27 silly addNameRange     '0.0.4',
27 silly addNameRange     '0.0.5',
27 silly addNameRange     '0.0.6',
27 silly addNameRange     '0.0.7',
27 silly addNameRange     '0.0.8',
27 silly addNameRange     '0.0.9',
27 silly addNameRange     '0.0.10',
27 silly addNameRange     '0.0.11',
27 silly addNameRange     '0.0.12',
27 silly addNameRange     '0.0.13',
27 silly addNameRange     '0.0.14',
27 silly addNameRange     '0.1.0',
27 silly addNameRange     '0.1.1',
27 silly addNameRange     '0.1.2',
27 silly addNameRange     '0.1.3',
27 silly addNameRange     '0.1.4',
27 silly addNameRange     '0.1.5',
27 silly addNameRange     '0.2.0',
27 silly addNameRange     '0.2.1',
27 silly addNameRange     '0.2.2' ] ]
28 verbose addNamed tsun@0.2.2
29 silly addNamed semver.valid 0.2.2
30 silly addNamed semver.validRange 0.2.2
31 silly cache afterAdd tsun@0.2.2
32 verbose afterAdd /home/sumon/.npm/tsun/0.2.2/package/package.json not in flight; writing
33 verbose afterAdd /home/sumon/.npm/tsun/0.2.2/package/package.json written
34 silly install resolved [ { name: 'tsun',
34 silly install resolved     version: '0.2.2',
34 silly install resolved     description: 'TSUN: a repl for TypeScript Upgraded Node',
34 silly install resolved     bin: { tsun: './bin/tsun' },
34 silly install resolved     dependencies:
34 silly install resolved      { colors: '^1.0.3',
34 silly install resolved        'node-color-readline': 'git+https://github.com/HerringtonDarkholme/node-color-readline.git',
34 silly install resolved        optimist: '^0.6.1',
34 silly install resolved        temp: '^0.8.1',
34 silly install resolved        typescript: '1.8.10' },
34 silly install resolved     scripts: { prepublish: 'tsc -m commonjs --outdir ./bin tsun.ts' },
34 silly install resolved     keywords: [ 'typescript', 'repl', 'command line', 'interpreter' ],
34 silly install resolved     author: { name: 'Herrington Darkholme' },
34 silly install resolved     license: 'MIT',
34 silly install resolved     repository:
34 silly install resolved      { type: 'git',
34 silly install resolved        url: 'git+https://github.com/HerringtonDarkholme/typescript-repl.git' },
34 silly install resolved     homepage: 'https://github.com/HerringtonDarkholme/typescript-repl',
34 silly install resolved     bugs: { url: 'https://github.com/HerringtonDarkholme/typescript-repl/issues' },
34 silly install resolved     gitHead: '2e3eeb0a52136e66a394e0a774183d4f0ffc537a',
34 silly install resolved     _id: 'tsun@0.2.2',
34 silly install resolved     _shasum: 'a07f746c25e0a33f86e3f6e0a25399878c49b0d9',
34 silly install resolved     _from: 'tsun@*',
34 silly install resolved     _npmVersion: '3.8.6',
34 silly install resolved     _nodeVersion: '6.0.0',
34 silly install resolved     _npmUser: { name: 'nonamesheep', email: 'nonamesheep@qq.com' },
34 silly install resolved     dist:
34 silly install resolved      { shasum: 'a07f746c25e0a33f86e3f6e0a25399878c49b0d9',
34 silly install resolved        tarball: 'https://registry.npmjs.org/tsun/-/tsun-0.2.2.tgz' },
34 silly install resolved     maintainers: [ [Object] ],
34 silly install resolved     _npmOperationalInternal:
34 silly install resolved      { host: 'packages-12-west.internal.npmjs.com',
34 silly install resolved        tmp: 'tmp/tsun-0.2.2.tgz_1465538808404_0.3458571177907288' },
34 silly install resolved     directories: {},
34 silly install resolved     _resolved: 'https://registry.npmjs.org/tsun/-/tsun-0.2.2.tgz',
34 silly install resolved     readme: 'ERROR: No README data found!' } ]
35 info install tsun@0.2.2 into /usr/local/lib
36 info installOne tsun@0.2.2
37 verbose installOne of tsun to /usr/local/lib not in flight; installing
38 verbose lock using /home/sumon/.npm/_locks/tsun-ad368c4b26692a4d.lock for /usr/local/lib/node_modules/tsun
39 silly install write writing tsun 0.2.2 to /usr/local/lib/node_modules/tsun
40 silly cache addNamed cb tsun@0.2.2
41 verbose unbuild lib/node_modules/tsun
42 verbose gentlyRm vacuuming /usr/local/lib/node_modules/tsun
43 verbose tar unpack /home/sumon/.npm/tsun/0.2.2/package.tgz
44 verbose tar unpacking to /usr/local/lib/node_modules/tsun
45 verbose gentlyRm vacuuming /usr/local/lib/node_modules/tsun
46 silly gunzTarPerm modes [ '755', '644' ]
47 silly gunzTarPerm extractEntry package.json
48 silly gunzTarPerm modified mode [ 'package.json', 436, 420 ]
49 silly gunzTarPerm extractEntry .npmignore
50 silly gunzTarPerm modified mode [ '.npmignore', 436, 420 ]
51 silly gunzTarPerm extractEntry README.md
52 silly gunzTarPerm modified mode [ 'README.md', 436, 420 ]
53 silly gunzTarPerm extractEntry bin/tsun.js
54 silly gunzTarPerm modified mode [ 'bin/tsun.js', 436, 420 ]
55 silly gunzTarPerm extractEntry bin/src/executor.js
56 silly gunzTarPerm modified mode [ 'bin/src/executor.js', 436, 420 ]
57 silly gunzTarPerm extractEntry bin/src/register.js
58 silly gunzTarPerm modified mode [ 'bin/src/register.js', 436, 420 ]
59 silly gunzTarPerm extractEntry bin/src/repl.js
60 silly gunzTarPerm modified mode [ 'bin/src/repl.js', 436, 420 ]
61 silly gunzTarPerm extractEntry bin/src/service.js
62 silly gunzTarPerm modified mode [ 'bin/src/service.js', 436, 420 ]
63 silly gunzTarPerm extractEntry bin/tsun
64 silly gunzTarPerm modified mode [ 'bin/tsun', 509, 493 ]
65 silly gunzTarPerm extractEntry tsun.ts
66 silly gunzTarPerm modified mode [ 'tsun.ts', 436, 420 ]
67 silly gunzTarPerm extractEntry screenshot/block.png
68 silly gunzTarPerm modified mode [ 'screenshot/block.png', 436, 420 ]
69 silly gunzTarPerm extractEntry screenshot/color.png
70 silly gunzTarPerm modified mode [ 'screenshot/color.png', 436, 420 ]
71 silly gunzTarPerm extractEntry screenshot/completion.png
72 silly gunzTarPerm modified mode [ 'screenshot/completion.png', 436, 420 ]
73 silly gunzTarPerm extractEntry screenshot/paste.png
74 silly gunzTarPerm modified mode [ 'screenshot/paste.png', 436, 420 ]
75 silly gunzTarPerm extractEntry screenshot/type.png
76 silly gunzTarPerm modified mode [ 'screenshot/type.png', 436, 420 ]
77 silly gunzTarPerm extractEntry src/executor.ts
78 silly gunzTarPerm modified mode [ 'src/executor.ts', 436, 420 ]
79 silly gunzTarPerm extractEntry src/register.ts
80 silly gunzTarPerm modified mode [ 'src/register.ts', 436, 420 ]
81 silly gunzTarPerm extractEntry src/repl.ts
82 silly gunzTarPerm modified mode [ 'src/repl.ts', 436, 420 ]
83 silly gunzTarPerm extractEntry src/service.ts
84 silly gunzTarPerm modified mode [ 'src/service.ts', 436, 420 ]
85 silly gunzTarPerm extractEntry tsconfig.json
86 silly gunzTarPerm modified mode [ 'tsconfig.json', 436, 420 ]
87 silly gunzTarPerm extractEntry typings/colors.d.ts
88 silly gunzTarPerm modified mode [ 'typings/colors.d.ts', 436, 420 ]
89 silly gunzTarPerm extractEntry typings/node.d.ts
90 silly gunzTarPerm modified mode [ 'typings/node.d.ts', 436, 420 ]
91 info preinstall tsun@0.2.2
92 silly prepareForInstallMany adding colors@^1.0.3 from tsun dependencies
93 silly prepareForInstallMany adding node-color-readline@git+https://github.com/HerringtonDarkholme/node-color-readline.git from tsun dependencies
94 silly prepareForInstallMany adding optimist@^0.6.1 from tsun dependencies
95 silly prepareForInstallMany adding temp@^0.8.1 from tsun dependencies
96 silly prepareForInstallMany adding typescript@1.8.10 from tsun dependencies
97 silly cache add args [ 'optimist@^0.6.1', null ]
98 verbose cache add spec optimist@^0.6.1
99 silly cache add parsed spec { raw: 'optimist@^0.6.1',
99 silly cache add   scope: null,
99 silly cache add   name: 'optimist',
99 silly cache add   rawSpec: '^0.6.1',
99 silly cache add   spec: '>=0.6.1 <0.7.0',
99 silly cache add   type: 'range' }
100 verbose addNamed optimist@>=0.6.1 <0.7.0
101 silly addNamed semver.valid null
102 silly addNamed semver.validRange >=0.6.1 <0.7.0
103 silly addNameRange { name: 'optimist', range: '>=0.6.1 <0.7.0', hasData: false }
104 silly mapToRegistry name optimist
105 silly mapToRegistry using default registry
106 silly mapToRegistry registry https://registry.npmjs.org/
107 silly mapToRegistry uri https://registry.npmjs.org/optimist
108 verbose addNameRange registry:https://registry.npmjs.org/optimist not in flight; fetching
109 silly cache add args [ 'temp@^0.8.1', null ]
110 verbose cache add spec temp@^0.8.1
111 silly cache add parsed spec { raw: 'temp@^0.8.1',
111 silly cache add   scope: null,
111 silly cache add   name: 'temp',
111 silly cache add   rawSpec: '^0.8.1',
111 silly cache add   spec: '>=0.8.1 <0.9.0',
111 silly cache add   type: 'range' }
112 verbose addNamed temp@>=0.8.1 <0.9.0
113 silly addNamed semver.valid null
114 silly addNamed semver.validRange >=0.8.1 <0.9.0
115 silly addNameRange { name: 'temp', range: '>=0.8.1 <0.9.0', hasData: false }
116 silly mapToRegistry name temp
117 silly mapToRegistry using default registry
118 silly mapToRegistry registry https://registry.npmjs.org/
119 silly mapToRegistry uri https://registry.npmjs.org/temp
120 verbose addNameRange registry:https://registry.npmjs.org/temp not in flight; fetching
121 silly cache add args [ 'typescript@1.8.10', null ]
122 verbose cache add spec typescript@1.8.10
123 silly cache add parsed spec { raw: 'typescript@1.8.10',
123 silly cache add   scope: null,
123 silly cache add   name: 'typescript',
123 silly cache add   rawSpec: '1.8.10',
123 silly cache add   spec: '1.8.10',
123 silly cache add   type: 'version' }
124 verbose addNamed typescript@1.8.10
125 silly addNamed semver.valid 1.8.10
126 silly addNamed semver.validRange 1.8.10
127 silly mapToRegistry name typescript
128 silly mapToRegistry using default registry
129 silly mapToRegistry registry https://registry.npmjs.org/
130 silly mapToRegistry uri https://registry.npmjs.org/typescript
131 verbose addNameVersion registry:https://registry.npmjs.org/typescript not in flight; fetching
132 silly cache add args [ 'colors@^1.0.3', null ]
133 verbose cache add spec colors@^1.0.3
134 silly cache add parsed spec { raw: 'colors@^1.0.3',
134 silly cache add   scope: null,
134 silly cache add   name: 'colors',
134 silly cache add   rawSpec: '^1.0.3',
134 silly cache add   spec: '>=1.0.3 <2.0.0',
134 silly cache add   type: 'range' }
135 verbose addNamed colors@>=1.0.3 <2.0.0
136 silly addNamed semver.valid null
137 silly addNamed semver.validRange >=1.0.3 <2.0.0
138 silly addNameRange { name: 'colors', range: '>=1.0.3 <2.0.0', hasData: false }
139 silly mapToRegistry name colors
140 silly mapToRegistry using default registry
141 silly mapToRegistry registry https://registry.npmjs.org/
142 silly mapToRegistry uri https://registry.npmjs.org/colors
143 verbose addNameRange registry:https://registry.npmjs.org/colors not in flight; fetching
144 silly cache add args [ 'node-color-readline@git+https://github.com/HerringtonDarkholme/node-color-readline.git',
144 silly cache add   null ]
145 verbose cache add spec node-color-readline@git+https://github.com/HerringtonDarkholme/node-color-readline.git
146 verbose request uri https://registry.npmjs.org/temp
147 verbose request no auth needed
148 info attempt registry request try #1 at 3:57:18 PM
149 http request GET https://registry.npmjs.org/temp
150 silly cache add parsed spec { raw: 'node-color-readline@git+https://github.com/HerringtonDarkholme/node-color-readline.git',
150 silly cache add   scope: null,
150 silly cache add   name: 'node-color-readline',
150 silly cache add   rawSpec: 'git+https://github.com/HerringtonDarkholme/node-color-readline.git',
150 silly cache add   spec: 'https://github.com/HerringtonDarkholme/node-color-readline.git',
150 silly cache add   type: 'git' }
151 verbose addRemoteGit u="https://github.com/HerringtonDarkholme/node-color-readline.git" silent=false
152 silly addRemoteGit normalized { url: 'https://github.com/HerringtonDarkholme/node-color-readline.git',
152 silly addRemoteGit   branch: 'master' }
153 silly addRemoteGit v https-github-com-HerringtonDarkholme-node-color-readline-git-3c2ec044
154 verbose addRemoteGit /home/sumon/.npm/_git-remotes/https-github-com-HerringtonDarkholme-node-color-readline-git-3c2ec044 not in flight; cloning
155 info git [ 'clone',
155 info git   '--template=/home/sumon/.npm/_git-remotes/_templates',
155 info git   '--mirror',
155 info git   'https://github.com/HerringtonDarkholme/node-color-readline.git',
155 info git   '/home/sumon/.npm/_git-remotes/https-github-com-HerringtonDarkholme-node-color-readline-git-3c2ec044' ]
156 verbose request uri https://registry.npmjs.org/optimist
157 verbose request no auth needed
158 info attempt registry request try #1 at 3:57:18 PM
159 verbose etag "28OT6TDNWBYMITUW3J8LR37RB"
160 http request GET https://registry.npmjs.org/optimist
161 verbose request uri https://registry.npmjs.org/typescript
162 verbose request no auth needed
163 info attempt registry request try #1 at 3:57:18 PM
164 verbose etag "D79WG65R2126R3OFEL5BG908F"
165 http request GET https://registry.npmjs.org/typescript
166 verbose request uri https://registry.npmjs.org/colors
167 verbose request no auth needed
168 info attempt registry request try #1 at 3:57:18 PM
169 verbose etag "4NJZRJQD07CAE4HNMW384EFHO"
170 http request GET https://registry.npmjs.org/colors
171 http 304 https://registry.npmjs.org/optimist
172 silly get cb [ 304,
172 silly get   { date: 'Sun, 19 Jun 2016 09:57:18 GMT',
172 silly get     via: '1.1 varnish',
172 silly get     'cache-control': 'max-age=300',
172 silly get     etag: '"28OT6TDNWBYMITUW3J8LR37RB"',
172 silly get     age: '72',
172 silly get     connection: 'keep-alive',
172 silly get     'x-served-by': 'cache-sin6921-SIN',
172 silly get     'x-cache': 'HIT',
172 silly get     'x-cache-hits': '3',
172 silly get     'x-timer': 'S1466330238.033225,VS0,VE0',
172 silly get     vary: 'Accept-Encoding' } ]
173 verbose etag https://registry.npmjs.org/optimist from cache
174 verbose get saving optimist to /home/sumon/.npm/registry.npmjs.org/optimist/.cache.json
175 http 200 https://registry.npmjs.org/colors
176 silly get cb [ 200,
176 silly get   { server: 'CouchDB/1.5.0 (Erlang OTP/R16B03)',
176 silly get     etag: '"5RSVFIGO4CAJHS5WIU49KDMPH"',
176 silly get     'content-type': 'application/json',
176 silly get     'content-encoding': 'gzip',
176 silly get     'cache-control': 'max-age=300',
176 silly get     'content-length': '5965',
176 silly get     'accept-ranges': 'bytes',
176 silly get     date: 'Sun, 19 Jun 2016 09:57:18 GMT',
176 silly get     via: '1.1 varnish',
176 silly get     age: '68',
176 silly get     connection: 'keep-alive',
176 silly get     'x-served-by': 'cache-sin6924-SIN',
176 silly get     'x-cache': 'HIT',
176 silly get     'x-cache-hits': '51',
176 silly get     'x-timer': 'S1466330238.053461,VS0,VE0',
176 silly get     vary: 'Accept-Encoding' } ]
177 verbose get saving colors to /home/sumon/.npm/registry.npmjs.org/colors/.cache.json
178 silly addNameRange number 2 { name: 'optimist', range: '>=0.6.1 <0.7.0', hasData: true }
179 silly addNameRange versions [ 'optimist',
179 silly addNameRange   [ '0.0.1',
179 silly addNameRange     '0.0.2',
179 silly addNameRange     '0.0.4',
179 silly addNameRange     '0.0.5',
179 silly addNameRange     '0.0.6',
179 silly addNameRange     '0.0.7',
179 silly addNameRange     '0.1.0',
179 silly addNameRange     '0.1.1',
179 silly addNameRange     '0.1.2',
179 silly addNameRange     '0.1.3',
179 silly addNameRange     '0.1.4',
179 silly addNameRange     '0.1.5',
179 silly addNameRange     '0.1.6',
179 silly addNameRange     '0.1.7',
179 silly addNameRange     '0.1.8',
179 silly addNameRange     '0.1.9',
179 silly addNameRange     '0.0.3',
179 silly addNameRange     '0.2.0',
179 silly addNameRange     '0.2.1',
179 silly addNameRange     '0.2.2',
179 silly addNameRange     '0.2.3',
179 silly addNameRange     '0.2.4',
179 silly addNameRange     '0.2.5',
179 silly addNameRange     '0.2.6',
179 silly addNameRange     '0.2.7',
179 silly addNameRange     '0.2.8',
179 silly addNameRange     '0.3.0',
179 silly addNameRange     '0.3.1',
179 silly addNameRange     '0.3.3',
179 silly addNameRange     '0.3.4',
179 silly addNameRange     '0.3.5',
179 silly addNameRange     '0.3.6',
179 silly addNameRange     '0.3.7',
179 silly addNameRange     '0.4.0',
179 silly addNameRange     '0.5.0',
179 silly addNameRange     '0.5.1',
179 silly addNameRange     '0.5.2',
179 silly addNameRange     '0.6.0',
179 silly addNameRange     '0.6.1' ] ]
180 verbose addNamed optimist@0.6.1
181 silly addNamed semver.valid 0.6.1
182 silly addNamed semver.validRange 0.6.1
183 silly addNameRange number 2 { name: 'colors', range: '>=1.0.3 <2.0.0', hasData: true }
184 silly addNameRange versions [ 'colors',
184 silly addNameRange   [ '0.3.0',
184 silly addNameRange     '0.5.0',
184 silly addNameRange     '0.5.1',
184 silly addNameRange     '0.6.0',
184 silly addNameRange     '0.6.0-1',
184 silly addNameRange     '0.6.1',
184 silly addNameRange     '0.6.2',
184 silly addNameRange     '1.0.0',
184 silly addNameRange     '1.0.1',
184 silly addNameRange     '1.0.2',
184 silly addNameRange     '1.0.3',
184 silly addNameRange     '1.1.0',
184 silly addNameRange     '1.1.1',
184 silly addNameRange     '1.1.2' ] ]
185 verbose addNamed colors@1.1.2
186 silly addNamed semver.valid 1.1.2
187 silly addNamed semver.validRange 1.1.2
188 http 200 https://registry.npmjs.org/temp
189 silly get cb [ 200,
189 silly get   { server: 'CouchDB/1.5.0 (Erlang OTP/R16B03)',
189 silly get     etag: '"E3LLBC2ZQRUZ20MUFY5YH6VH4"',
189 silly get     'content-type': 'application/json',
189 silly get     'content-encoding': 'gzip',
189 silly get     'cache-control': 'max-age=300',
189 silly get     'content-length': '5520',
189 silly get     'accept-ranges': 'bytes',
189 silly get     date: 'Sun, 19 Jun 2016 09:57:18 GMT',
189 silly get     via: '1.1 varnish',
189 silly get     age: '0',
189 silly get     connection: 'keep-alive',
189 silly get     'x-served-by': 'cache-sin6923-SIN',
189 silly get     'x-cache': 'HIT',
189 silly get     'x-cache-hits': '1',
189 silly get     'x-timer': 'S1466330237.882634,VS0,VE214',
189 silly get     vary: 'Accept-Encoding' } ]
190 verbose get saving temp to /home/sumon/.npm/registry.npmjs.org/temp/.cache.json
191 silly addNameRange number 2 { name: 'temp', range: '>=0.8.1 <0.9.0', hasData: true }
192 silly addNameRange versions [ 'temp',
192 silly addNameRange   [ '0.2.0',
192 silly addNameRange     '0.3.0',
192 silly addNameRange     '0.4.0',
192 silly addNameRange     '0.5.0',
192 silly addNameRange     '0.5.1',
192 silly addNameRange     '0.6.0',
192 silly addNameRange     '0.7.0',
192 silly addNameRange     '0.8.0',
192 silly addNameRange     '0.8.1',
192 silly addNameRange     '0.8.2',
192 silly addNameRange     '0.8.3' ] ]
193 verbose addNamed temp@0.8.3
194 silly addNamed semver.valid 0.8.3
195 silly addNamed semver.validRange 0.8.3
196 silly mapToRegistry name temp
197 silly mapToRegistry using default registry
198 silly mapToRegistry registry https://registry.npmjs.org/
199 silly mapToRegistry uri https://registry.npmjs.org/temp
200 verbose addRemoteTarball https://registry.npmjs.org/temp/-/temp-0.8.3.tgz not in flight; adding
201 verbose addRemoteTarball [ 'https://registry.npmjs.org/temp/-/temp-0.8.3.tgz',
201 verbose addRemoteTarball   'e0c6bc4d26b903124410e4fed81103014dfc1f59' ]
202 info retry fetch attempt 1 at 3:57:18 PM
203 info attempt registry request try #1 at 3:57:18 PM
204 http fetch GET https://registry.npmjs.org/temp/-/temp-0.8.3.tgz
205 http 200 https://registry.npmjs.org/typescript
206 silly get cb [ 200,
206 silly get   { server: 'CouchDB/1.5.0 (Erlang OTP/R16B03)',
206 silly get     etag: '"94PXB50FI1D1G8V6WEQSG2ET8"',
206 silly get     'content-type': 'application/json',
206 silly get     'content-encoding': 'gzip',
206 silly get     'cache-control': 'max-age=300',
206 silly get     'content-length': '50852',
206 silly get     'accept-ranges': 'bytes',
206 silly get     date: 'Sun, 19 Jun 2016 09:57:18 GMT',
206 silly get     via: '1.1 varnish',
206 silly get     age: '248',
206 silly get     connection: 'keep-alive',
206 silly get     'x-served-by': 'cache-sin6924-SIN',
206 silly get     'x-cache': 'HIT',
206 silly get     'x-cache-hits': '3',
206 silly get     'x-timer': 'S1466330238.033927,VS0,VE0',
206 silly get     vary: 'Accept-Encoding' } ]
207 verbose get saving typescript to /home/sumon/.npm/registry.npmjs.org/typescript/.cache.json
208 silly cache afterAdd colors@1.1.2
209 verbose afterAdd /home/sumon/.npm/colors/1.1.2/package/package.json not in flight; writing
210 silly cache afterAdd optimist@0.6.1
211 verbose afterAdd /home/sumon/.npm/optimist/0.6.1/package/package.json not in flight; writing
212 verbose afterAdd /home/sumon/.npm/colors/1.1.2/package/package.json written
213 verbose afterAdd /home/sumon/.npm/optimist/0.6.1/package/package.json written
214 silly mapToRegistry name typescript
215 silly mapToRegistry using default registry
216 silly mapToRegistry registry https://registry.npmjs.org/
217 silly mapToRegistry uri https://registry.npmjs.org/typescript
218 verbose addRemoteTarball https://registry.npmjs.org/typescript/-/typescript-1.8.10.tgz not in flight; adding
219 verbose addRemoteTarball [ 'https://registry.npmjs.org/typescript/-/typescript-1.8.10.tgz',
219 verbose addRemoteTarball   'b475d6e0dff0bf50f296e5ca6ef9fbb5c7320f1e' ]
220 info retry fetch attempt 1 at 3:57:18 PM
221 info attempt registry request try #1 at 3:57:18 PM
222 http fetch GET https://registry.npmjs.org/typescript/-/typescript-1.8.10.tgz
223 http fetch 200 https://registry.npmjs.org/temp/-/temp-0.8.3.tgz
224 silly fetchAndShaCheck shasum e0c6bc4d26b903124410e4fed81103014dfc1f59
225 verbose addTmpTarball /tmp/npm-14692-2cf7e383/registry.npmjs.org/temp/-/temp-0.8.3.tgz not in flight; adding
226 verbose addTmpTarball already have metadata; skipping unpack for temp@0.8.3
227 silly cache afterAdd temp@0.8.3
228 verbose afterAdd /home/sumon/.npm/temp/0.8.3/package/package.json not in flight; writing
229 verbose afterAdd /home/sumon/.npm/temp/0.8.3/package/package.json written
230 http fetch 200 https://registry.npmjs.org/typescript/-/typescript-1.8.10.tgz
231 error git clone https://github.com/HerringtonDarkholme/node-color-readline.git Cloning into bare repository '/home/sumon/.npm/_git-remotes/https-github-com-HerringtonDarkholme-node-color-readline-git-3c2ec044'...
231 error git clone https://github.com/HerringtonDarkholme/node-color-readline.git fatal: unable to access 'https://github.com/HerringtonDarkholme/node-color-readline.git/': Operation timed out after 0 milliseconds with 0 out of 0 bytes received
232 silly fetchAndShaCheck shasum b475d6e0dff0bf50f296e5ca6ef9fbb5c7320f1e
233 verbose addTmpTarball /tmp/npm-14692-2cf7e383/registry.npmjs.org/typescript/-/typescript-1.8.10.tgz not in flight; adding
234 verbose addTmpTarball already have metadata; skipping unpack for typescript@1.8.10
235 silly cache afterAdd typescript@1.8.10
236 verbose afterAdd /home/sumon/.npm/typescript/1.8.10/package/package.json not in flight; writing
237 verbose afterAdd /home/sumon/.npm/typescript/1.8.10/package/package.json written
238 verbose about to build /usr/local/lib/node_modules/tsun
239 verbose unlock done using /home/sumon/.npm/_locks/tsun-ad368c4b26692a4d.lock for /usr/local/lib/node_modules/tsun
240 verbose stack Error: Command failed: git clone --template=/home/sumon/.npm/_git-remotes/_templates --mirror https://github.com/HerringtonDarkholme/node-color-readline.git /home/sumon/.npm/_git-remotes/https-github-com-HerringtonDarkholme-node-color-readline-git-3c2ec044
240 verbose stack Cloning into bare repository '/home/sumon/.npm/_git-remotes/https-github-com-HerringtonDarkholme-node-color-readline-git-3c2ec044'...
240 verbose stack fatal: unable to access 'https://github.com/HerringtonDarkholme/node-color-readline.git/': Operation timed out after 0 milliseconds with 0 out of 0 bytes received
240 verbose stack
240 verbose stack     at ChildProcess.exithandler (child_process.js:744:12)
240 verbose stack     at ChildProcess.emit (events.js:110:17)
240 verbose stack     at maybeClose (child_process.js:1008:16)
240 verbose stack     at Process.ChildProcess._handle.onexit (child_process.js:1080:5)
241 verbose cwd /home/sumon/projects/engr-hasanuzzaman.github.io
242 error Linux 3.13.0-85-generic
243 error argv "/usr/local/bin/node" "/usr/local/bin/npm" "install" "-g" "tsun"
244 error node v0.12.0
245 error npm  v2.5.1
246 error code 128
247 error Command failed: git clone --template=/home/sumon/.npm/_git-remotes/_templates --mirror https://github.com/HerringtonDarkholme/node-color-readline.git /home/sumon/.npm/_git-remotes/https-github-com-HerringtonDarkholme-node-color-readline-git-3c2ec044
247 error Cloning into bare repository '/home/sumon/.npm/_git-remotes/https-github-com-HerringtonDarkholme-node-color-readline-git-3c2ec044'...
247 error fatal: unable to access 'https://github.com/HerringtonDarkholme/node-color-readline.git/': Operation timed out after 0 milliseconds with 0 out of 0 bytes received
248 error If you need help, you may report this error at:
248 error     <http://github.com/npm/npm/issues>
249 verbose exit [ 1, true ]
250 verbose unbuild lib/node_modules/tsun
251 info preuninstall tsun@0.2.2
252 info uninstall tsun@0.2.2
253 verbose unbuild rmStuff tsun@0.2.2 from /usr/local/lib/node_modules
254 verbose gentlyRm verifying that /usr/local is managed by npm
255 silly isManaged /usr/local is not inside /usr/local/lib/node_modules
256 silly isManaged /usr/local is not inside /usr/local/lib/node_modules
257 silly isManaged /usr/local/bin is inside /usr/local
258 silly gentlyRm /usr/local is managed by npm
259 silly gentlyRm /usr/local/bin/tsun is under /usr/local
260 verbose gentlyRm vacuuming /usr/local/bin/tsun up to /usr/local
261 info postuninstall tsun@0.2.2
262 verbose gentlyRm vacuuming /usr/local/lib/node_modules/tsun
263 silly gentlyRm purging /usr/local/lib/node_modules/tsun
264 silly gentlyRm quitting because other entries in /usr/local/lib/node_modules
